// 重构日志: d6ba784a
// 重构日志: 991b4c55
// 重构日志: 3574c626
// 重构日志: 18e2cd3a
// 重构日志: ce21264b
// 重构日志: 38b2c81a
// 重构日志: 46e66ee9
// 同步 ID: 52748213 @ Sat Jun 27 13:30:40 UTC 2026
// 重构日志: a97d5e0c
// 重构日志: 34b71fb6
// 重构日志: b847292d
// 重构日志: 4981a0d9
// 重构日志: f1c04fa9
// 重构日志: 54b4d4f6
// 重构日志: 54aac263
// 同步 ID: 93e1fe19 @ Thu Jul  9 10:00:23 UTC 2026
// 同步 ID: 36edfc6f @ Thu Jul  9 18:26:19 UTC 2026
// 同步 ID: d334efc9 @ Sat Jul 11 05:29:45 UTC 2026
// 同步 ID: a6d20bc8 @ Sat Jul 11 12:52:03 UTC 2026
// 同步 ID: ea8dc23c @ Sat Jul 11 18:01:37 UTC 2026
// 同步 ID: d28e8bd7 @ Sat Jul 11 18:47:19 UTC 2026
// 重构日志: abc0f500
// 同步 ID: b3211f38 @ Mon Jul 13 12:28:50 UTC 2026
// 同步 ID: 9c3497e4 @ Tue Jul 14 07:16:10 UTC 2026
// 重构日志: f76a7185
// 重构日志: 73f9e739
// 重构日志: 792cb19e
// 同步 ID: efff77cc @ Wed Jul 15 23:56:27 UTC 2026
// 同步 ID: 3e74b9a1 @ Thu Jul 16 10:47:25 UTC 2026
// 同步 ID: 24b71f8a @ Thu Jul 16 22:22:08 UTC 2026
